2014-06-25 07:46:39,366 ERROR [main] - System.err - [ch.epfl.insynth] error can't determine modifiers of missing type org.eclipse.jdt.internal.junit.launcher.TestKind
when processing type mungers ch.epfl.insynth.core.completion.InsynthCompletionProposalComputer
when processing type mungers 
when weaving 
 [Xlint:cantFindType]
2014-06-25 07:46:39,368 ERROR [main] - System.err - [ch.epfl.insynth] error can't determine modifiers of missing type org.eclipse.ui.wizards.datatransfer.IImportStructureProvider
when processing type mungers ch.epfl.insynth.core.completion.InsynthCompletionProposalComputer
when processing type mungers 
when weaving 
 [Xlint:cantFindType]
2014-06-25 07:46:39,369 ERROR [main] - System.err - [ch.epfl.insynth] error can't determine modifiers of missing type org.eclipse.jdt.internal.debug.ui.JDIModelPresentation
when processing type mungers ch.epfl.insynth.core.completion.InsynthCompletionProposalComputer
when processing type mungers 
when weaving 
 [Xlint:cantFindType]
2014-06-25 07:46:39,370 ERROR [main] - System.err - [ch.epfl.insynth] error can't determine modifiers of missing type org.eclipse.jdt.internal.debug.ui.BreakpointMarkerUpdater
when processing type mungers ch.epfl.insynth.core.completion.InsynthCompletionProposalComputer
when processing type mungers 
when weaving 
 [Xlint:cantFindType]
2014-06-25 07:46:39,371 ERROR [main] - System.err - [ch.epfl.insynth] error can't determine modifiers of missing type org.eclipse.jdt.junit.launcher.JUnitLaunchConfigurationTab
when weaving type ch.epfl.insynth.core.completion.InsynthCompletionProposalComputer
when weaving classes 
when weaving 
 [Xlint:cantFindType]
2014-06-25 07:46:39,371 ERROR [main] - System.err - [ch.epfl.insynth] error can't determine modifiers of missing type org.eclipse.debug.core.sourcelookup.AbstractSourceLookupDirector
when weaving type ch.epfl.insynth.core.completion.InsynthCompletionProposalComputer
when weaving classes 
when weaving 
 [Xlint:cantFindType]
2014-06-25 07:46:39,372 ERROR [main] - System.err - [ch.epfl.insynth] error can't determine modifiers of missing type org.eclipse.pde.internal.ui.wizards.imports.PluginImportHelper
when weaving type ch.epfl.insynth.core.completion.InsynthCompletionProposalComputer
when weaving classes 
when weaving 
 [Xlint:cantFindType]
2014-06-25 07:46:39,373 ERROR [main] - System.err - [ch.epfl.insynth] error can't determine modifiers of missing type org.eclipse.jdt.internal.debug.ui.JDIModelPresentation
when weaving type ch.epfl.insynth.core.completion.InsynthCompletionProposalComputer
when weaving classes 
when weaving 
 [Xlint:cantFindType]
2014-06-25 07:46:39,373 ERROR [main] - System.err - [ch.epfl.insynth] error can't determine modifiers of missing type org.eclipse.jdt.internal.debug.ui.BreakpointMarkerUpdater
when weaving type ch.epfl.insynth.core.completion.InsynthCompletionProposalComputer
when weaving classes 
when weaving 
 [Xlint:cantFindType]
2014-06-25 07:46:39,373 ERROR [main] - System.err - [ch.epfl.insynth] error can't determine modifiers of missing type org.eclipse.jdt.internal.launching.JavaLaunchableTester
when weaving type ch.epfl.insynth.core.completion.InsynthCompletionProposalComputer
when weaving classes 
when weaving 
 [Xlint:cantFindType]
2014-06-25 07:46:39,373 ERROR [main] - System.err - [ch.epfl.insynth] error can't determine modifiers of missing type org.eclipse.jdt.internal.launching.JavaLaunchableTester
when weaving type ch.epfl.insynth.core.completion.InsynthCompletionProposalComputer
when weaving classes 
when weaving 
 [Xlint:cantFindType]
2014-06-26 10:01:04,656 ERROR [main] - System.err - [ch.epfl.insynth] error can't determine modifiers of missing type org.eclipse.jdt.internal.junit.launcher.TestKind
when processing type mungers ch.epfl.insynth.core.completion.InsynthCompletionProposalComputer
when processing type mungers 
when weaving 
 [Xlint:cantFindType]
2014-06-26 10:01:04,679 ERROR [main] - System.err - [ch.epfl.insynth] error can't determine modifiers of missing type org.eclipse.ui.wizards.datatransfer.IImportStructureProvider
when processing type mungers ch.epfl.insynth.core.completion.InsynthCompletionProposalComputer
when processing type mungers 
when weaving 
 [Xlint:cantFindType]
2014-06-26 10:01:04,680 ERROR [main] - System.err - [ch.epfl.insynth] error can't determine modifiers of missing type org.eclipse.jdt.internal.debug.ui.JDIModelPresentation
when processing type mungers ch.epfl.insynth.core.completion.InsynthCompletionProposalComputer
when processing type mungers 
when weaving 
 [Xlint:cantFindType]
2014-06-26 10:01:04,680 ERROR [main] - System.err - [ch.epfl.insynth] error can't determine modifiers of missing type org.eclipse.jdt.internal.debug.ui.BreakpointMarkerUpdater
when processing type mungers ch.epfl.insynth.core.completion.InsynthCompletionProposalComputer
when processing type mungers 
when weaving 
 [Xlint:cantFindType]
2014-06-26 10:01:04,681 ERROR [main] - System.err - [ch.epfl.insynth] error can't determine modifiers of missing type org.eclipse.jdt.junit.launcher.JUnitLaunchConfigurationTab
when weaving type ch.epfl.insynth.core.completion.InsynthCompletionProposalComputer
when weaving classes 
when weaving 
 [Xlint:cantFindType]
2014-06-26 10:01:04,682 ERROR [main] - System.err - [ch.epfl.insynth] error can't determine modifiers of missing type org.eclipse.debug.core.sourcelookup.AbstractSourceLookupDirector
when weaving type ch.epfl.insynth.core.completion.InsynthCompletionProposalComputer
when weaving classes 
when weaving 
 [Xlint:cantFindType]
2014-06-26 10:01:04,682 ERROR [main] - System.err - [ch.epfl.insynth] error can't determine modifiers of missing type org.eclipse.pde.internal.ui.wizards.imports.PluginImportHelper
when weaving type ch.epfl.insynth.core.completion.InsynthCompletionProposalComputer
when weaving classes 
when weaving 
 [Xlint:cantFindType]
2014-06-26 10:01:04,683 ERROR [main] - System.err - [ch.epfl.insynth] error can't determine modifiers of missing type org.eclipse.jdt.internal.debug.ui.JDIModelPresentation
when weaving type ch.epfl.insynth.core.completion.InsynthCompletionProposalComputer
when weaving classes 
when weaving 
 [Xlint:cantFindType]
2014-06-26 10:01:04,683 ERROR [main] - System.err - [ch.epfl.insynth] error can't determine modifiers of missing type org.eclipse.jdt.internal.debug.ui.BreakpointMarkerUpdater
when weaving type ch.epfl.insynth.core.completion.InsynthCompletionProposalComputer
when weaving classes 
when weaving 
 [Xlint:cantFindType]
2014-06-26 10:01:04,683 ERROR [main] - System.err - [ch.epfl.insynth] error can't determine modifiers of missing type org.eclipse.jdt.internal.launching.JavaLaunchableTester
when weaving type ch.epfl.insynth.core.completion.InsynthCompletionProposalComputer
when weaving classes 
when weaving 
 [Xlint:cantFindType]
2014-06-26 10:01:04,683 ERROR [main] - System.err - [ch.epfl.insynth] error can't determine modifiers of missing type org.eclipse.jdt.internal.launching.JavaLaunchableTester
when weaving type ch.epfl.insynth.core.completion.InsynthCompletionProposalComputer
when weaving classes 
when weaving 
 [Xlint:cantFindType]
